<?xml version="1.0" encoding="UTF-8"?>
<testng-results ignored="0" total="2" passed="2" failed="0" skipped="0">
  <reporter-output>
  </reporter-output>
  <suite started-at="2023-10-22T10:51:28 IST" name="Suite" finished-at="2023-10-22T10:52:36 IST" duration-ms="67807">
    <groups>
    </groups>
    <test started-at="2023-10-22T10:51:28 IST" name="Test" finished-at="2023-10-22T10:52:36 IST" duration-ms="67807">
      <class name="TestCases.TC_LoginDDT_002">
        <test-method is-config="true" signature="openapplication()[pri:0, instance:TestCases.TC_LoginDDT_002@cecf639]" started-at="2023-10-22T10:51:29 IST" name="openapplication" finished-at="2023-10-22T10:51:33 IST" duration-ms="4526" status="PASS">
          <reporter-output>
          </reporter-output>
        </test-method> <!-- openapplication -->
        <test-method signature="logindt(java.lang.String,java.lang.String)[pri:0, instance:TestCases.TC_LoginDDT_002@cecf639]" started-at="2023-10-22T10:51:34 IST" name="logindt" data-provider="Logindata" finished-at="2023-10-22T10:52:08 IST" duration-ms="33778" status="PASS">
          <params>
            <param index="0">
              <value>
                <![CDATA[vinaymangali435@gmail.com]]>
              </value>
            </param>
            <param index="1">
              <value>
                <![CDATA[Vinay@1432]]>
              </value>
            </param>
          </params>
          <reporter-output>
          </reporter-output>
        </test-method> <!-- logindt -->
        <test-method signature="logindt(java.lang.String,java.lang.String)[pri:0, instance:TestCases.TC_LoginDDT_002@cecf639]" started-at="2023-10-22T10:52:08 IST" name="logindt" data-provider="Logindata" finished-at="2023-10-22T10:52:34 IST" duration-ms="26437" status="PASS">
          <params>
            <param index="0">
              <value>
                <![CDATA[prathyusha4u93@gmail.com]]>
              </value>
            </param>
            <param index="1">
              <value>
                <![CDATA[Prathyusha@18]]>
              </value>
            </param>
          </params>
          <reporter-output>
          </reporter-output>
        </test-method> <!-- logindt -->
        <test-method is-config="true" signature="Closepage()[pri:0, instance:TestCases.TC_LoginDDT_002@cecf639]" started-at="2023-10-22T10:52:34 IST" name="Closepage" finished-at="2023-10-22T10:52:36 IST" duration-ms="1901" status="PASS">
          <reporter-output>
          </reporter-output>
        </test-method> <!-- Closepage -->
      </class> <!-- TestCases.TC_LoginDDT_002 -->
    </test> <!-- Test -->
  </suite> <!-- Suite -->
</testng-results>
